TN:
SF:src/modules/appointments/services/AppointmentCreator.ts
FN:12,(anonymous_14)
FN:13,AppointmentCreator
FN:15,(anonymous_16)
FNF:3
FNH:3
FNDA:1,(anonymous_14)
FNDA:6,AppointmentCreator
FNDA:7,(anonymous_16)
DA:1,1
DA:3,1
DA:12,1
DA:13,6
DA:15,1
DA:16,7
DA:17,7
DA:18,7
DA:20,7
DA:21,7
DA:22,7
DA:24,7
DA:25,1
DA:28,6
DA:29,1
DA:32,5
DA:33,1
DA:36,4
DA:37,1
DA:40,3
DA:44,3
DA:45,1
DA:48,2
DA:55,1
DA:57,1
LF:25
LH:25
BRDA:48,0,0,2
BRDA:24,1,0,1
BRDA:24,1,1,6
BRDA:28,2,0,1
BRDA:28,2,1,5
BRDA:32,3,0,1
BRDA:32,3,1,4
BRDA:36,4,0,1
BRDA:36,4,1,3
BRDA:44,5,0,1
BRDA:44,5,1,2
BRF:11
BRH:11
end_of_record
TN:
SF:src/modules/appointments/services/DayAvailabilityGetter.ts
FN:19,(anonymous_13)
FN:20,DayAvailabilityGetter
FN:24,(anonymous_15)
FN:31,(anonymous_18)
FN:34,(anonymous_19)
FN:37,(anonymous_20)
FN:41,(anonymous_21)
FNF:7
FNH:7
FNDA:1,(anonymous_13)
FNDA:1,DayAvailabilityGetter
FNDA:1,(anonymous_15)
FNDA:2,(anonymous_18)
FNDA:2,(anonymous_19)
FNDA:10,(anonymous_20)
FNDA:10,(anonymous_21)
DA:2,1
DA:19,1
DA:21,1
DA:24,1
DA:25,1
DA:30,1
DA:31,2
DA:33,1
DA:34,2
DA:35,1
DA:37,10
DA:39,1
DA:41,1
DA:42,10
DA:44,10
DA:46,10
DA:49,1
LF:17
LH:17
BRDA:25,0,0,1
BRDA:44,1,0,10
BRDA:44,1,1,8
BRF:3
BRH:3
end_of_record
TN:
SF:src/modules/appointments/services/MonthAvailabilityGetter.ts
FN:18,(anonymous_13)
FN:19,MonthAvailabilityGetter
FN:23,(anonymous_15)
FN:30,(anonymous_18)
FN:41,(anonymous_19)
FN:45,(anonymous_20)
FNF:6
FNH:6
FNDA:1,(anonymous_13)
FNDA:1,MonthAvailabilityGetter
FNDA:1,(anonymous_15)
FNDA:11,(anonymous_18)
FNDA:31,(anonymous_19)
FNDA:31,(anonymous_20)
DA:2,1
DA:18,1
DA:20,1
DA:23,1
DA:24,1
DA:29,1
DA:31,11
DA:32,11
DA:33,11
DA:34,11
DA:35,11
DA:39,1
DA:41,31
DA:43,1
DA:45,1
DA:46,31
DA:47,31
DA:49,17
DA:50,17
DA:51,17
DA:54,1
LF:21
LH:21
BRDA:24,0,0,1
BRDA:32,1,0,11
BRDA:32,1,1,2
BRDA:47,2,0,14
BRDA:47,2,1,17
BRDA:49,3,0,17
BRDA:49,3,1,15
BRF:7
BRH:7
end_of_record
TN:
SF:src/modules/appointments/services/ProvidersListService.ts
FN:3,(anonymous_13)
FN:4,ProvidersListService
FN:6,(anonymous_15)
FNF:3
FNH:3
FNDA:1,(anonymous_13)
FNDA:1,ProvidersListService
FNDA:1,(anonymous_15)
DA:3,1
DA:4,1
DA:6,1
DA:7,1
DA:11,1
LF:5
LH:5
BRF:0
BRH:0
end_of_record
TN:
SF:src/modules/users/services/ForgotPasswordEmailSender.ts
FN:8,(anonymous_14)
FN:9,ForgotPasswordEmailSender
FN:15,(anonymous_16)
FNF:3
FNH:3
FNDA:1,(anonymous_14)
FNDA:4,ForgotPasswordEmailSender
FNDA:4,(anonymous_16)
DA:1,1
DA:5,1
DA:8,1
DA:10,4
DA:11,4
DA:12,4
DA:15,1
DA:16,4
DA:17,4
DA:18,1
DA:21,3
DA:22,3
DA:34,3
DA:35,2
DA:37,1
DA:40,1
LF:16
LH:16
BRDA:16,0,0,4
BRDA:17,1,0,1
BRDA:17,1,1,3
BRDA:34,2,0,2
BRDA:34,2,1,1
BRF:5
BRH:5
end_of_record
TN:
SF:src/modules/users/services/PasswordResetter.ts
FN:13,(anonymous_14)
FN:14,PasswordResetter
FN:20,(anonymous_16)
FNF:3
FNH:3
FNDA:1,(anonymous_14)
FNDA:4,PasswordResetter
FNDA:4,(anonymous_16)
DA:1,1
DA:5,1
DA:13,1
DA:15,4
DA:16,4
DA:17,4
DA:20,4
DA:21,4
DA:22,4
DA:23,1
DA:26,3
DA:27,3
DA:28,1
DA:31,2
DA:32,2
DA:33,1
DA:36,1
DA:37,2
DA:39,1
LF:19
LH:19
BRDA:21,0,0,4
BRDA:22,1,0,1
BRDA:22,1,1,3
BRDA:27,2,0,1
BRDA:27,2,1,2
BRDA:32,3,0,1
BRDA:32,3,1,1
BRF:7
BRH:7
end_of_record
TN:
SF:src/modules/users/services/ProfileShower.ts
FN:10,(anonymous_14)
FN:11,ProfileShower
FN:15,(anonymous_16)
FNF:3
FNH:3
FNDA:1,(anonymous_14)
FNDA:2,ProfileShower
FNDA:2,(anonymous_16)
DA:2,1
DA:10,1
DA:12,2
DA:15,1
DA:16,2
DA:17,2
DA:18,1
DA:21,1
DA:23,1
DA:25,1
DA:27,1
LF:11
LH:11
BRDA:16,0,0,2
BRDA:17,1,0,1
BRDA:17,1,1,1
BRF:3
BRH:3
end_of_record
TN:
SF:src/modules/users/services/ProfileUpdater.ts
FN:15,(anonymous_14)
FN:16,ProfileUpdater
FN:21,(anonymous_16)
FNF:3
FNH:3
FNDA:1,(anonymous_14)
FNDA:7,ProfileUpdater
FNDA:7,(anonymous_16)
DA:2,1
DA:15,1
DA:17,7
DA:18,7
DA:21,1
DA:22,7
DA:23,7
DA:24,1
DA:27,7
DA:28,5
DA:29,5
DA:30,1
DA:34,5
DA:35,5
DA:36,7
DA:37,4
DA:38,3
DA:39,1
DA:41,1
DA:44,1
DA:48,3
DA:50,1
DA:52,1
LF:23
LH:23
BRDA:22,0,0,7
BRDA:22,0,1,1
BRDA:22,0,2,1
BRDA:22,0,3,3
BRDA:23,1,0,1
BRDA:23,1,1,6
BRDA:27,2,0,1
BRDA:27,2,1,5
BRDA:29,3,0,1
BRDA:29,3,1,4
BRDA:36,4,0,2
BRDA:36,4,1,3
BRDA:37,5,0,1
BRDA:37,5,1,2
BRDA:38,6,0,1
BRDA:38,6,1,1
BRF:16
BRH:16
end_of_record
TN:
SF:src/modules/users/services/UserAuthenticator.ts
FN:19,(anonymous_14)
FN:20,UserAuthenticator
FN:25,(anonymous_16)
FNF:3
FNH:3
FNDA:1,(anonymous_14)
FNDA:3,UserAuthenticator
FNDA:3,(anonymous_16)
DA:1,1
DA:3,1
DA:5,1
DA:19,1
DA:21,3
DA:22,3
DA:25,1
DA:26,3
DA:27,3
DA:29,3
DA:31,3
DA:32,1
DA:35,2
DA:36,2
DA:37,1
DA:40,1
DA:41,1
DA:45,1
DA:47,1
DA:49,1
LF:20
LH:20
BRDA:29,0,0,3
BRDA:31,1,0,1
BRDA:31,1,1,2
BRDA:36,2,0,1
BRDA:36,2,1,1
BRF:5
BRH:5
end_of_record
TN:
SF:src/modules/users/services/UserAvatarUpdater.ts
FN:16,(anonymous_14)
FN:17,UserAvatarUpdater
FN:22,(anonymous_16)
FNF:3
FNH:3
FNDA:1,(anonymous_14)
FNDA:3,UserAvatarUpdater
FNDA:3,(anonymous_16)
DA:4,1
DA:16,1
DA:18,3
DA:19,3
DA:22,1
DA:23,3
DA:24,3
DA:26,3
DA:28,3
DA:29,1
DA:32,3
DA:33,2
DA:36,2
DA:37,2
DA:39,1
LF:15
LH:15
BRDA:26,0,0,3
BRDA:26,0,1,2
BRDA:28,1,0,1
BRDA:28,1,1,2
BRDA:32,2,0,1
BRDA:32,2,1,1
BRF:6
BRH:6
end_of_record
TN:
SF:src/modules/users/services/UserCreator.ts
FN:8,(anonymous_14)
FN:9,UserCreator
FN:14,(anonymous_16)
FNF:3
FNH:3
FNDA:2,(anonymous_14)
FNDA:5,UserCreator
FNDA:5,(anonymous_16)
DA:2,2
DA:8,2
DA:10,5
DA:11,5
DA:14,2
DA:15,5
DA:16,5
DA:17,5
DA:19,5
DA:21,5
DA:22,1
DA:25,4
DA:26,4
DA:27,4
DA:29,2
DA:31,2
LF:16
LH:16
BRDA:19,0,0,5
BRDA:21,1,0,1
BRDA:21,1,1,4
BRF:3
BRH:3
end_of_record
