TN:
SF:src/modules/appointments/services/AppointmentCreator.ts
FN:11,(anonymous_14)
FN:12,AppointmentCreator
FN:14,(anonymous_16)
FNF:3
FNH:0
FNDA:0,(anonymous_14)
FNDA:0,AppointmentCreator
FNDA:0,(anonymous_16)
DA:1,0
DA:3,0
DA:11,0
DA:12,0
DA:14,0
DA:15,0
DA:16,0
DA:18,0
DA:19,0
DA:23,0
DA:24,0
DA:27,0
DA:33,0
DA:35,0
LF:14
LH:0
BRDA:27,0,0,0
BRDA:23,1,0,0
BRDA:23,1,1,0
BRF:3
BRH:0
end_of_record
TN:
SF:src/modules/users/services/ForgotPasswordEmailSender.ts
FN:6,(anonymous_14)
FN:7,ForgotPasswordEmailSender
FN:13,(anonymous_16)
FNF:3
FNH:0
FNDA:0,(anonymous_14)
FNDA:0,ForgotPasswordEmailSender
FNDA:0,(anonymous_16)
DA:3,0
DA:6,0
DA:8,0
DA:9,0
DA:10,0
DA:13,0
DA:14,0
DA:15,0
DA:16,0
DA:19,0
DA:20,0
DA:25,0
LF:12
LH:0
BRDA:14,0,0,0
BRDA:15,1,0,0
BRDA:15,1,1,0
BRF:3
BRH:0
end_of_record
TN:
SF:src/modules/users/services/PasswordResetter.ts
FN:13,(anonymous_14)
FN:14,PasswordResetter
FN:20,(anonymous_16)
FNF:3
FNH:3
FNDA:1,(anonymous_14)
FNDA:4,PasswordResetter
FNDA:4,(anonymous_16)
DA:1,1
DA:5,1
DA:13,1
DA:15,4
DA:16,4
DA:17,4
DA:20,4
DA:21,4
DA:22,4
DA:23,1
DA:26,3
DA:29,3
DA:30,1
DA:33,2
DA:34,2
DA:35,1
DA:38,1
DA:39,2
DA:41,1
LF:19
LH:19
BRDA:21,0,0,4
BRDA:22,1,0,1
BRDA:22,1,1,3
BRDA:29,2,0,1
BRDA:29,2,1,2
BRDA:33,3,0,0
BRDA:33,3,1,2
BRDA:33,4,0,2
BRDA:33,4,1,2
BRDA:34,5,0,1
BRDA:34,5,1,1
BRF:11
BRH:10
end_of_record
TN:
SF:src/modules/users/services/UserAuthenticator.ts
FN:19,(anonymous_14)
FN:20,UserAuthenticator
FN:25,(anonymous_16)
FNF:3
FNH:0
FNDA:0,(anonymous_14)
FNDA:0,UserAuthenticator
FNDA:0,(anonymous_16)
DA:1,0
DA:3,0
DA:5,0
DA:19,0
DA:21,0
DA:22,0
DA:25,0
DA:26,0
DA:27,0
DA:29,0
DA:31,0
DA:32,0
DA:35,0
DA:36,0
DA:37,0
DA:40,0
DA:41,0
DA:45,0
DA:47,0
DA:49,0
LF:20
LH:0
BRDA:29,0,0,0
BRDA:31,1,0,0
BRDA:31,1,1,0
BRDA:36,2,0,0
BRDA:36,2,1,0
BRF:5
BRH:0
end_of_record
TN:
SF:src/modules/users/services/UserAvatarUpdater.ts
FN:16,(anonymous_14)
FN:17,UserAvatarUpdater
FN:22,(anonymous_16)
FNF:3
FNH:0
FNDA:0,(anonymous_14)
FNDA:0,UserAvatarUpdater
FNDA:0,(anonymous_16)
DA:4,0
DA:16,0
DA:18,0
DA:19,0
DA:22,0
DA:23,0
DA:24,0
DA:26,0
DA:28,0
DA:29,0
DA:32,0
DA:33,0
DA:36,0
DA:37,0
DA:39,0
LF:15
LH:0
BRDA:26,0,0,0
BRDA:26,0,1,0
BRDA:28,1,0,0
BRDA:28,1,1,0
BRDA:32,2,0,0
BRDA:32,2,1,0
BRF:6
BRH:0
end_of_record
TN:
SF:src/modules/users/services/UserCreator.ts
FN:8,(anonymous_14)
FN:9,UserCreator
FN:14,(anonymous_16)
FNF:3
FNH:0
FNDA:0,(anonymous_14)
FNDA:0,UserCreator
FNDA:0,(anonymous_16)
DA:2,0
DA:8,0
DA:10,0
DA:11,0
DA:14,0
DA:15,0
DA:16,0
DA:17,0
DA:19,0
DA:21,0
DA:22,0
DA:25,0
DA:26,0
DA:27,0
DA:29,0
DA:31,0
LF:16
LH:0
BRDA:19,0,0,0
BRDA:21,1,0,0
BRDA:21,1,1,0
BRF:3
BRH:0
end_of_record
